<?xml version="1.0" encoding="UTF-8"?>
<testsuite xmlns:xsi="http://www.w3.org/2001/XMLSchema-instance" xsi:noNamespaceSchemaLocation="https://maven.apache.org/surefire/maven-surefire-plugin/xsd/surefire-test-report.xsd" version="3.0.2" name="com.uap.proiv.jobs.JobsApplicationTests" time="0.277" tests="1" errors="0" skipped="0" failures="0" flakes="0">
  <properties>
[...]
</properties>
  <testcase name="contextLoads" classname="com.uap.proiv.jobs.JobsApplicationTests" time="0.002">
    <system-out><![CDATA[2026-09-03T13:14:00.368-03:00  INFO 21356 --- [jobs] [           main] t.c.s.AnnotationConfigContextLoaderUtils : Could not detect default configuration classes for test class [com.uap.proiv.jobs.JobsApplicationTests]: JobsApplicationTests does not declare any static, non-private, non-final, nested classes annotated with @Configuration.
2026-09-03T13:14:00.376-03:00  INFO 21356 --- [jobs] [           main] .b.t.c.SpringBootTestContextBootstrapper : Found @SpringBootConfiguration com.uap.proiv.jobs.JobsApplication for test class com.uap.proiv.jobs.JobsApplicationTests
2026-09-03T13:14:00.379-03:00  INFO 21356 --- [jobs] [           main] t.c.s.AnnotationConfigContextLoaderUtils : Could not detect default configuration classes for test class [com.uap.proiv.jobs.JobsApplicationTests]: JobsApplicationTests does not declare any static, non-private, non-final, nested classes annotated with @Configuration.
2026-09-03T13:14:00.379-03:00  INFO 21356 --- [jobs] [           main] .b.t.c.SpringBootTestContextBootstrapper : Found @SpringBootConfiguration com.uap.proiv.jobs.JobsApplication for test class com.uap.proiv.jobs.JobsApplicationTests

  .   ____          _            __ _ _
 /\\ / ___'_ __ _ _(_)_ __  __ _ \ \ \ \
( ( )\___ | '_ | '_| | '_ \/ _` | \ \ \ \
 \\/  ___)| |_)| | | | | || (_| |  ) ) ) )
  '  |____| .__|_| |_|_| |_\__, | / / / /
 =========|_|==============|___/=/_/_/_/

 :: Spring Boot ::                (v4.1.0)

2026-09-03T13:14:00.409-03:00  INFO 21356 --- [jobs] [           main] c.uap.proiv.jobs.JobsApplicationTests    : Starting JobsApplicationTests using Java 21.0.11 with PID 21356 (started by enzop in C:\Users\enzop\OneDrive - uap.edu.ar\Escritorio\BACK-JOBS-API)
2026-09-03T13:14:00.409-03:00  INFO 21356 --- [jobs] [           main] c.uap.proiv.jobs.JobsApplicationTests    : No active profile set, falling back to 1 default profile: "default"
2026-09-03T13:14:00.639-03:00  INFO 21356 --- [jobs] [           main] c.uap.proiv.jobs.JobsApplicationTests    : Started JobsApplicationTests in 0.251 seconds (process running for 5.671)
]]></system-out>
  </testcase>
</testsuite>